<?xml version="1.0" encoding="UTF-8"?>
<testsuite name="com.kodilla.school.StudentTestSuite" tests="3" skipped="0" failures="0" errors="0" timestamp="2021-01-26T18:45:46" hostname="CZOPER-KOMPUTER" time="0.002">
  <properties/>
  <testcase name="shouldCalculateCorrectAveragesIfValuesAreInRange()" classname="com.kodilla.school.StudentTestSuite" time="0.001"/>
  <testcase name="shouldCalculateStudentAverage()" classname="com.kodilla.school.StudentTestSuite" time="0.0"/>
  <testcase name="averageShouldBeZeroIfStudentDontHaveGrades()" classname="com.kodilla.school.StudentTestSuite" time="0.0"/>
  <system-out><![CDATA[]]></system-out>
  <system-err><![CDATA[]]></system-err>
</testsuite>
